[2017-11-21T15:21:48.007] [INFO] protractorLog4js - Starting Test With Logs
[2017-11-21T15:21:48.023] [INFO] protractorLog4js - Starting Test With Logs
[2017-11-21T15:21:48.024] [INFO] protractorLog4js - Starting Test With Logs
[2017-11-21T15:21:48.024] [INFO] protractorLog4js - Starting Test With Logs
[2017-11-21T15:21:48.028] [INFO] protractorLog4js - Url Loaded
[2017-11-21T15:51:51.897] [INFO] protractorLog4js - Starting Test With Logs
[2017-11-21T15:51:51.897] [INFO] protractorLog4js - Url Loaded
[2017-11-21T15:52:01.754] [INFO] protractorLog4js - Going to Click Register Link
[2017-11-21T16:11:06.932] [INFO] protractorLog4js - Starting Test With Logs
[2017-11-21T16:11:06.936] [INFO] protractorLog4js - Url Loaded
[2017-11-21T16:11:16.923] [INFO] protractorLog4js - Going to Click Register Link
[2017-11-21T16:12:37.477] [INFO] protractorLog4js - Starting Test With Logs
[2017-11-21T16:12:37.477] [INFO] protractorLog4js - Url Loaded
[2017-11-21T16:12:47.649] [INFO] protractorLog4js - Going to Click Register Link
[2017-11-21T16:13:32.044] [INFO] protractorLog4js - Starting Test With Logs
[2017-11-21T16:13:32.044] [INFO] protractorLog4js - Url Loaded
[2017-11-21T16:13:40.887] [INFO] protractorLog4js - Going to Click Register Link
[2017-11-21T16:18:13.747] [INFO] protractorLog4js - Starting Test With Logs
[2017-11-21T16:18:13.752] [INFO] protractorLog4js - Url Loaded
[2017-11-21T16:18:23.578] [INFO] protractorLog4js - Going to Click Register Link
[2017-11-21T16:18:37.837] [INFO] protractorLog4js - Register button Clicked
[2017-11-21T16:20:49.251] [INFO] protractorLog4js - Starting Test With Logs
[2017-11-21T16:20:49.251] [INFO] protractorLog4js - Url Loaded
[2017-11-21T16:20:57.804] [INFO] protractorLog4js - Going to Click Register Link
[2017-11-21T16:20:57.851] [INFO] protractorLog4js - Register button Clicked
[2017-11-21T16:22:52.791] [INFO] protractorLog4js - Starting Test With Logs
[2017-11-21T16:22:52.791] [INFO] protractorLog4js - Url Loaded
[2017-11-21T16:23:02.601] [INFO] protractorLog4js - Going to Click Register Link
[2017-11-21T16:23:19.590] [INFO] protractorLog4js - Register button Clicked
[2017-11-21T16:28:46.783] [INFO] protractorLog4js - Starting Test With Logs
[2017-11-21T16:28:46.799] [INFO] protractorLog4js - Url Loaded
[2017-11-21T16:28:57.338] [INFO] protractorLog4js - Going to Click Register Link
[2017-11-21T16:30:20.563] [INFO] protractorLog4js - Starting Test With Logs
[2017-11-21T16:30:20.584] [INFO] protractorLog4js - Url Loaded
[2017-11-21T16:30:28.881] [INFO] protractorLog4js - Going to Click Register Link
[2017-11-21T16:31:46.596] [INFO] protractorLog4js - Starting Test With Logs
[2017-11-21T16:31:46.596] [INFO] protractorLog4js - Url Loaded
[2017-11-21T16:31:54.759] [INFO] protractorLog4js - Going to Click Register Link
[2017-11-21T16:32:08.147] [ERROR] protractorLog4js - In catch blockTypeError: Cannot read property 'lnk_reg' of undefined
[2017-11-21T16:33:20.490] [INFO] protractorLog4js - Starting Test With Logs
[2017-11-21T16:33:20.490] [INFO] protractorLog4js - Url Loaded
[2017-11-21T16:33:29.493] [INFO] protractorLog4js - Going to Click Register Link
[2017-11-21T16:33:29.553] [ERROR] protractorLog4js - In catch blockTypeError: Cannot read property 'lnk_reg' of undefined
[2017-11-21T16:35:33.875] [INFO] protractorLog4js - Starting Test With Logs
[2017-11-21T16:35:33.892] [INFO] protractorLog4js - Url Loaded
[2017-11-21T16:35:43.070] [INFO] protractorLog4js - Going to Click Register Link
[2017-11-21T16:35:57.644] [ERROR] protractorLog4js - In catch blockTypeError: Cannot read property 'lnk_reg' of undefined
[2017-11-21T16:41:22.856] [INFO] protractorLog4js - Starting Test With Logs
[2017-11-21T16:41:22.856] [INFO] protractorLog4js - Url Loaded
[2017-11-21T16:41:31.057] [INFO] protractorLog4js - Going to Click Register Link
[2017-11-21T16:41:44.885] [ERROR] protractorLog4js - In catch blockTypeError: lnk_reg.click is not a function
[2017-11-21T16:43:54.206] [INFO] protractorLog4js - Starting Test With Logs
[2017-11-21T16:43:54.227] [INFO] protractorLog4js - Url Loaded
[2017-11-21T16:44:03.784] [INFO] protractorLog4js - Going to Click Register Link
[2017-11-21T16:44:17.881] [ERROR] protractorLog4js - In catch blockReferenceError: lnk_reg is not defined
[2017-11-21T16:46:47.414] [INFO] protractorLog4js - Starting Test With Logs
[2017-11-21T16:46:47.430] [INFO] protractorLog4js - Url Loaded
[2017-11-21T16:46:55.661] [INFO] protractorLog4js - Going to Click Register Link
[2017-11-21T16:48:14.000] [INFO] protractorLog4js - Starting Test With Logs
[2017-11-21T16:48:14.000] [INFO] protractorLog4js - Url Loaded
[2017-11-21T16:48:22.415] [INFO] protractorLog4js - Going to Click Register Link
[2017-11-21T17:40:13.699] [INFO] protractorLog4js - Starting Test With Logs
[2017-11-21T17:40:13.704] [INFO] protractorLog4js - Url Loaded
[2017-11-21T17:40:22.057] [INFO] protractorLog4js - Going to Click Register Link
[2017-11-21T17:40:22.167] [INFO] protractorLog4js - Clicked Register Link
[2017-11-21T17:41:08.964] [INFO] protractorLog4js - Starting Test With Logs
[2017-11-21T17:41:08.968] [INFO] protractorLog4js - Url Loaded
[2017-11-21T17:41:18.650] [INFO] protractorLog4js - Going to Click Register Link
[2017-11-21T17:41:18.696] [ERROR] protractorLog4js - Not able to find elementNoSuchElementError: No element found using locator: By(xpath, //a[text()="Register1"])
[2017-11-21T17:41:40.077] [INFO] protractorLog4js - Starting Test With Logs
[2017-11-21T17:41:40.082] [INFO] protractorLog4js - Url Loaded
[2017-11-21T17:41:49.014] [INFO] protractorLog4js - Going to Click Register Link
[2017-11-21T17:41:58.628] [ERROR] protractorLog4js - Not able to find elementNoSuchElementError: No element found using locator: By(xpath, //a[text()="Register1"])
[2017-11-21T17:44:33.381] [INFO] protractorLog4js - Starting Test With Logs
[2017-11-21T17:44:33.397] [INFO] protractorLog4js - Url Loaded
[2017-11-21T17:44:41.682] [INFO] protractorLog4js - Going to Click Register Link
[2017-11-21T17:45:07.383] [ERROR] protractorLog4js - NaN
[2017-11-21T17:45:51.678] [INFO] protractorLog4js - Starting Test With Logs
[2017-11-21T17:45:51.678] [INFO] protractorLog4js - Url Loaded
[2017-11-21T17:46:00.030] [INFO] protractorLog4js - Going to Click Register Link
[2017-11-21T17:46:30.143] [ERROR] protractorLog4js -  not able to find elementNoSuchElementError: No element found using locator: By(xpath, //a[text()="Register1"])
[2017-11-22T16:47:05.719] [INFO] protractorLog4js - Starting Test With Logs
[2017-11-22T16:47:05.737] [INFO] protractorLog4js - Url Loaded
[2017-11-22T16:47:15.383] [INFO] protractorLog4js - Going to Click Register Link
[2017-11-22T16:47:15.423] [ERROR] protractorLog4js -  not able to find elementNoSuchElementError: No element found using locator: By(xpath, //a[text()="Register1"])
[2017-11-22T16:48:11.521] [INFO] protractorLog4js - Starting Test With Logs
[2017-11-22T16:48:11.528] [INFO] protractorLog4js - Url Loaded
[2017-11-22T16:48:20.438] [INFO] protractorLog4js - Going to Click Register Link
[2017-11-22T16:48:33.571] [ERROR] protractorLog4js -  not able to find elementNoSuchElementError: No element found using locator: By(xpath, //a[text()="Register1"])
[2017-11-22T16:48:59.458] [INFO] protractorLog4js - Starting Test With Logs
[2017-11-22T16:48:59.458] [INFO] protractorLog4js - Url Loaded
[2017-11-22T16:49:09.058] [INFO] protractorLog4js - Going to Click Register Link
[2017-11-22T16:49:09.249] [INFO] protractorLog4js - Clicked Register Link
[2017-11-22T16:50:22.416] [INFO] protractorLog4js - Starting Test With Logs
[2017-11-22T16:50:22.416] [INFO] protractorLog4js - Url Loaded
[2017-11-22T16:50:34.307] [INFO] protractorLog4js - Going to Click Register Link
[2017-11-22T16:50:52.208] [INFO] protractorLog4js - Clicked Register Link
[2017-11-23T11:34:50.207] [INFO] protractorLog4js - Starting Test With Logs
[2017-11-23T11:34:50.239] [INFO] protractorLog4js - Url is loading....
[2017-11-23T11:35:23.308] [INFO] protractorLog4js - Going to Click Get Started button
[2017-11-23T11:35:23.488] [INFO] protractorLog4js - Clicked Get Started Button
[2017-11-23T11:36:59.697] [INFO] protractorLog4js - Starting Test With Logs
[2017-11-23T11:36:59.697] [INFO] protractorLog4js - Url is loading....
[2017-11-23T11:37:37.098] [INFO] protractorLog4js - Starting Test With Logs
[2017-11-23T11:37:37.098] [INFO] protractorLog4js - Url is loading....
[2017-11-23T11:37:39.627] [INFO] protractorLog4js - Going to Click Get Started button
[2017-11-23T11:38:07.590] [ERROR] protractorLog4js -  not able to find elementNoSuchElementError: No element found using locator: By(xpath, //a[@class="btn def-button inlineBlock"])
[2017-11-23T11:38:37.981] [INFO] protractorLog4js - Starting Test With Logs
[2017-11-23T11:38:37.985] [INFO] protractorLog4js - Url is loading....
[2017-11-23T11:39:11.098] [INFO] protractorLog4js - Going to Click Get Started button
[2017-11-23T11:39:11.274] [INFO] protractorLog4js - Clicked Get Started Button
[2017-11-23T11:46:10.578] [INFO] protractorLog4js - Starting Test With Logs
[2017-11-23T11:46:10.582] [INFO] protractorLog4js - Url is loading....
[2017-11-23T11:46:44.319] [INFO] protractorLog4js - Going to Click Get Started button
[2017-11-23T11:48:37.162] [INFO] protractorLog4js - Clicked Get Started Button
[2017-11-23T11:50:54.726] [INFO] protractorLog4js - Starting Test With Logs
[2017-11-23T11:50:54.726] [INFO] protractorLog4js - Url is loading....
[2017-11-23T11:51:27.585] [INFO] protractorLog4js - Going to Click Get Started button
[2017-11-23T11:51:27.766] [INFO] protractorLog4js - Clicked Get Started Button
[2017-11-23T11:51:41.999] [INFO] protractorLog4js - Starting Test With Logs
[2017-11-23T11:51:42.017] [INFO] protractorLog4js - Url is loading....
[2017-11-23T11:52:15.012] [INFO] protractorLog4js - Going to Click Get Started button
[2017-11-23T11:56:09.295] [INFO] protractorLog4js - Clicked Get Started Button
[2017-11-23T11:58:01.086] [INFO] protractorLog4js - Starting Test With Logs
[2017-11-23T11:58:01.089] [INFO] protractorLog4js - Url is loading....
[2017-11-23T11:58:03.018] [INFO] protractorLog4js - Going to Click Get Started button
[2017-11-23T11:58:03.026] [ERROR] protractorLog4js -  not able to find elementNoSuchWindowError: no such window: target window already closed
from unknown error: web view not found
  (Session info: chrome=62.0.3202.62)
  (Driver info: chromedriver=2.33.506120 (e3e53437346286c0bc2d2dc9aa4915ba81d9023f),platform=Windows NT 10.0.15063 x86_64)
[2017-11-23T11:58:10.805] [INFO] protractorLog4js - Starting Test With Logs
[2017-11-23T11:58:10.808] [INFO] protractorLog4js - Url is loading....
[2017-11-23T11:58:57.460] [INFO] protractorLog4js - Starting Test With Logs
[2017-11-23T11:58:57.461] [INFO] protractorLog4js - Url is loading....
[2017-11-23T11:59:27.488] [INFO] protractorLog4js - Going to Click Get Started button
[2017-11-23T11:59:49.993] [INFO] protractorLog4js - Starting Test With Logs
[2017-11-23T11:59:49.996] [INFO] protractorLog4js - Url is loading....
[2017-11-23T12:00:22.975] [INFO] protractorLog4js - Starting Test With Logs
[2017-11-23T12:00:22.976] [INFO] protractorLog4js - Url is loading....
[2017-11-23T12:00:53.007] [INFO] protractorLog4js - Going to Click Get Started button
[2017-11-23T12:00:53.208] [INFO] protractorLog4js - Clicked Get Started Button
[2017-11-23T12:07:19.895] [INFO] protractorLog4js - Starting Test With Logs
[2017-11-23T12:07:19.897] [INFO] protractorLog4js - Url is loading....
[2017-11-23T12:07:54.563] [INFO] protractorLog4js - Going to Click Get Started button
[2017-11-23T12:07:54.847] [INFO] protractorLog4js - Clicked Get Started Button
[2017-11-23T12:10:55.943] [INFO] protractorLog4js - Starting Test With Logs
[2017-11-23T12:10:55.943] [INFO] protractorLog4js - Url is loading....
[2017-11-23T12:11:30.226] [INFO] protractorLog4js - Going to Click Get Started button
[2017-11-23T12:11:30.496] [INFO] protractorLog4js - Clicked Get Started Button
[2017-11-23T12:15:02.732] [INFO] protractorLog4js - Starting Test With Logs
[2017-11-23T12:15:02.732] [INFO] protractorLog4js - Url is loading....
[2017-11-23T12:15:35.845] [INFO] protractorLog4js - Page Title Verified as:Influencer Advertising Simplified
[2017-11-23T12:15:35.877] [INFO] protractorLog4js - Going to Click Get Started button
[2017-11-23T12:15:35.881] [INFO] protractorLog4js - Page Title Verified as:Influencer Advertising Simplified
[2017-11-23T12:15:36.073] [INFO] protractorLog4js - Clicked Get Started Button
[2017-11-23T12:19:37.285] [INFO] protractorLog4js - Starting Test With Logs
[2017-11-23T12:19:37.285] [INFO] protractorLog4js - Url is loading....
[2017-11-23T12:20:10.769] [INFO] protractorLog4js - Page Title Verified as:Influencer Advertising Simplified
[2017-11-23T12:20:10.809] [INFO] protractorLog4js - Going to Click Get Started button
[2017-11-23T12:20:10.825] [INFO] protractorLog4js - Page Title Verified as:Influencer Advertising Simplified
[2017-11-23T12:20:11.114] [INFO] protractorLog4js - Clicked Get Started Button
[2017-11-23T12:21:43.974] [INFO] protractorLog4js - Starting Test With Logs
[2017-11-23T12:21:43.974] [INFO] protractorLog4js - Url is loading....
[2017-11-23T12:22:17.554] [INFO] protractorLog4js - Page Title Verified as:Influencer Advertising Simplified
[2017-11-23T12:22:17.602] [INFO] protractorLog4js - Going to Click Get Started button
[2017-11-23T12:22:17.874] [INFO] protractorLog4js - Clicked Get Started Button
[2017-11-23T12:23:36.364] [INFO] protractorLog4js - Starting Test With Logs
[2017-11-23T12:23:36.364] [INFO] protractorLog4js - Url is loading....
[2017-11-23T12:24:09.292] [INFO] protractorLog4js - Page Title Verified as:Influencer1 Advertising Simplified
[2017-11-23T12:24:09.765] [INFO] protractorLog4js - Going to Click Get Started button
[2017-11-23T12:24:09.945] [INFO] protractorLog4js - Clicked Get Started Button
[2017-11-23T12:46:14.744] [INFO] protractorLog4js - Starting Test With Logs
[2017-11-23T12:46:14.744] [INFO] protractorLog4js - Url is loading....
[2017-11-23T12:46:48.009] [INFO] protractorLog4js - Page Title Verified as:Influencer Advertising Simplified
[2017-11-23T12:46:48.046] [INFO] protractorLog4js - Going to Click Get Started button
[2017-11-23T12:46:48.294] [INFO] protractorLog4js - Clicked Get Started Button
[2017-11-23T12:46:48.302] [INFO] protractorLog4js - Landing on Login page....
[2017-11-23T12:52:08.410] [INFO] protractorLog4js - Starting Test With Logs
[2017-11-23T12:52:08.410] [INFO] protractorLog4js - Url is loading....
[2017-11-23T12:52:41.525] [INFO] protractorLog4js - Page Title Verified as:Influencer Advertising Simplified
[2017-11-23T12:52:41.584] [INFO] protractorLog4js - Going to Click Get Started button
[2017-11-23T12:52:41.910] [INFO] protractorLog4js - Clicked Get Started Button
[2017-11-23T12:52:41.921] [INFO] protractorLog4js - Landing on Login page....
[2017-11-23T13:24:04.204] [INFO] protractorLog4js - Starting Test With Logs
[2017-11-23T13:24:04.204] [INFO] protractorLog4js - Url is loading....
[2017-11-23T13:25:16.671] [INFO] protractorLog4js - Starting Test With Logs
[2017-11-23T13:25:16.671] [INFO] protractorLog4js - Url is loading....
[2017-11-23T13:25:49.848] [INFO] protractorLog4js - Page Title Verified as:Influencer Advertising Simplified
[2017-11-23T13:25:49.888] [INFO] protractorLog4js - Going to Click Get Started button
[2017-11-23T13:25:50.264] [INFO] protractorLog4js - Clicked Get Started Button
[2017-11-23T13:25:50.276] [INFO] protractorLog4js - Landing on Login page....
[2017-11-23T13:26:48.229] [INFO] protractorLog4js - Starting Test With Logs
[2017-11-23T13:26:48.234] [INFO] protractorLog4js - Url is loading....
[2017-11-23T13:27:21.932] [INFO] protractorLog4js - Page Title Verified as:Influencer Advertising Simplified
[2017-11-23T13:27:22.003] [INFO] protractorLog4js - Going to Click Get Started button
[2017-11-23T13:27:22.360] [INFO] protractorLog4js - Clicked Get Started Button
[2017-11-23T13:27:22.376] [INFO] protractorLog4js - Landing on Login page....
[2017-11-23T13:29:23.658] [INFO] protractorLog4js - Starting Test With Logs
[2017-11-23T13:29:23.662] [INFO] protractorLog4js - Url is loading....
[2017-11-23T13:29:56.860] [INFO] protractorLog4js - Page Title Verified as:Influencer Advertising Simplified
[2017-11-23T13:29:56.900] [INFO] protractorLog4js - Going to Click Get Started button
[2017-11-23T13:29:57.135] [INFO] protractorLog4js - Clicked Get Started Button
[2017-11-23T13:29:57.143] [INFO] protractorLog4js - Landing on Login page....
[2017-11-23T13:32:44.706] [INFO] protractorLog4js - Starting Test With Logs
[2017-11-23T13:32:44.722] [INFO] protractorLog4js - Url is loading....
[2017-11-23T13:33:18.155] [INFO] protractorLog4js - Page Title Verified as:Influencer Advertising Simplified
[2017-11-23T13:33:18.188] [INFO] protractorLog4js - Going to Click Get Started button
[2017-11-23T13:33:18.432] [INFO] protractorLog4js - Clicked Get Started Button
[2017-11-23T13:33:18.444] [INFO] protractorLog4js - Landing on Login page....
[2017-11-23T14:43:28.365] [INFO] protractorLog4js - Starting Test With Logs
[2017-11-23T14:43:28.369] [INFO] protractorLog4js - Url is loading....
[2017-11-23T14:44:02.415] [INFO] protractorLog4js - Page Title Verified as:Influencer Advertising Simplified
[2017-11-23T14:44:02.455] [INFO] protractorLog4js - Going to Click Get Started button
[2017-11-23T14:44:02.695] [INFO] protractorLog4js - Clicked Get Started Button
[2017-11-23T14:44:02.703] [INFO] protractorLog4js - Landing on Login page....
[2017-11-23T14:47:26.117] [INFO] protractorLog4js - Starting Test With Logs
[2017-11-23T14:47:26.117] [INFO] protractorLog4js - Url is loading....
[2017-11-23T14:47:59.645] [INFO] protractorLog4js - Page Title Verified as:Influencer Advertising Simplified
[2017-11-23T14:47:59.689] [INFO] protractorLog4js - Going to Click Get Started button
[2017-11-23T14:47:59.881] [INFO] protractorLog4js - Clicked Get Started Button
[2017-11-23T14:47:59.889] [INFO] protractorLog4js - Landing on Login page....
[2017-11-23T14:51:40.600] [INFO] protractorLog4js - Starting Test With Logs
[2017-11-23T14:51:40.616] [INFO] protractorLog4js - Url is loading....
[2017-11-23T14:52:13.704] [INFO] protractorLog4js - Page Title Verified as:Influencer Advertising Simplified
[2017-11-23T14:52:13.737] [INFO] protractorLog4js - Going to Click Get Started button
[2017-11-23T14:52:14.033] [INFO] protractorLog4js - Clicked Get Started Button
[2017-11-23T14:52:14.042] [INFO] protractorLog4js - Landing on Login page....
[2017-11-23T14:54:51.452] [INFO] protractorLog4js - Starting Test With Logs
[2017-11-23T14:54:51.456] [INFO] protractorLog4js - Url is loading....
[2017-11-23T14:55:24.733] [INFO] protractorLog4js - Page Title Verified as:Influencer Advertising Simplified
[2017-11-23T14:55:24.769] [INFO] protractorLog4js - Going to Click Get Started button
[2017-11-23T14:55:25.177] [INFO] protractorLog4js - Clicked Get Started Button
[2017-11-23T14:55:25.198] [INFO] protractorLog4js - Landing on Login page....
[2017-11-23T14:57:39.796] [INFO] protractorLog4js - Starting Test With Logs
[2017-11-23T14:57:39.796] [INFO] protractorLog4js - Url is loading....
[2017-11-23T14:58:13.051] [INFO] protractorLog4js - Page Title Verified as:Influencer Advertising Simplified
[2017-11-23T14:58:13.088] [INFO] protractorLog4js - Going to Click Get Started button
[2017-11-23T14:58:13.459] [INFO] protractorLog4js - Clicked Get Started Button
[2017-11-23T14:58:13.475] [INFO] protractorLog4js - Landing on Login page....
[2017-11-23T14:59:13.849] [INFO] protractorLog4js - Page Heading Verified as:Welcome to Unity!
[2017-11-23T15:06:12.437] [INFO] protractorLog4js - Starting Test With Logs
[2017-11-23T15:06:12.437] [INFO] protractorLog4js - Url is loading....
[2017-11-23T15:06:45.600] [INFO] protractorLog4js - Page Title Verified as:Influencer Advertising Simplified
[2017-11-23T15:06:45.648] [INFO] protractorLog4js - Going to Click Get Started button
[2017-11-23T15:06:51.116] [INFO] protractorLog4js - Clicked Get Started Button
[2017-11-23T15:06:51.124] [INFO] protractorLog4js - Landing on Login page....
[2017-11-23T15:06:51.149] [INFO] protractorLog4js - Page Heading Verified as:Welcome to Unity!
[2017-11-23T15:09:22.660] [INFO] protractorLog4js - Starting Test With Logs
[2017-11-23T15:09:22.664] [INFO] protractorLog4js - Url is loading....
[2017-11-23T15:10:02.055] [INFO] protractorLog4js - Page Heading Verified as:Welcome to Unity!
[2017-11-23T15:13:35.590] [INFO] protractorLog4js - Starting Test With Logs
[2017-11-23T15:13:35.605] [INFO] protractorLog4js - Url is loading....
[2017-11-23T15:14:08.980] [INFO] protractorLog4js - Page Title Verified as:Influencer Advertising Simplified
[2017-11-23T15:14:09.013] [INFO] protractorLog4js - Going to Click Get Started button
[2017-11-23T15:14:09.224] [INFO] protractorLog4js - Clicked Get Started Button
[2017-11-23T15:14:09.228] [INFO] protractorLog4js - Landing on Login page....
[2017-11-23T15:14:09.244] [INFO] protractorLog4js - Page Heading Verified as:Welcome to Unity!
[2017-11-23T15:14:35.867] [INFO] protractorLog4js - Starting Test With Logs
[2017-11-23T15:14:35.867] [INFO] protractorLog4js - Url is loading....
[2017-11-23T15:15:09.168] [INFO] protractorLog4js - Page Title Verified as:Influencer Advertising Simplified
[2017-11-23T15:15:09.199] [INFO] protractorLog4js - Going to Click Get Started button
[2017-11-23T15:15:09.431] [INFO] protractorLog4js - Clicked Get Started Button
[2017-11-23T15:15:09.434] [INFO] protractorLog4js - Landing on Login page....
[2017-11-23T15:15:09.461] [INFO] protractorLog4js - Page Heading Verified as:Welcome to Unity!
[2017-11-23T15:15:20.529] [INFO] protractorLog4js - Starting Test With Logs
[2017-11-23T15:15:20.548] [INFO] protractorLog4js - Url is loading....
[2017-11-23T15:15:53.849] [INFO] protractorLog4js - Page Title Verified as:Influencer Advertising Simplified
[2017-11-23T15:15:53.891] [INFO] protractorLog4js - Going to Click Get Started button
[2017-11-23T15:15:54.093] [INFO] protractorLog4js - Clicked Get Started Button
[2017-11-23T15:15:54.097] [INFO] protractorLog4js - Landing on Login page....
[2017-11-23T15:15:54.117] [INFO] protractorLog4js - Page Heading Verified as:Welcome to Unity!
[2017-11-23T15:16:21.204] [INFO] protractorLog4js - Starting Test With Logs
[2017-11-23T15:16:21.204] [INFO] protractorLog4js - Url is loading....
[2017-11-23T15:16:23.870] [INFO] protractorLog4js - Page Title Verified as:Influencer Advertising Simplified
[2017-11-23T15:16:24.361] [INFO] protractorLog4js - Going to Click Get Started button
[2017-11-23T15:16:24.414] [ERROR] protractorLog4js -  not able to find elementNoSuchElementError: No element found using locator: By(xpath, //a[@class="btn def-button inlineBlock"])
[2017-11-23T15:16:24.422] [INFO] protractorLog4js - Landing on Login page....
[2017-11-23T15:17:00.433] [INFO] protractorLog4js - Page Heading Verified as:Welcome to Unity!
[2017-11-23T15:17:07.418] [INFO] protractorLog4js - Starting Test With Logs
[2017-11-23T15:17:07.418] [INFO] protractorLog4js - Url is loading....
[2017-11-23T15:17:40.533] [INFO] protractorLog4js - Page Title Verified as:Influencer Advertising Simplified
[2017-11-23T15:17:40.590] [INFO] protractorLog4js - Going to Click Get Started button
[2017-11-23T15:17:45.949] [INFO] protractorLog4js - Clicked Get Started Button
[2017-11-23T15:17:45.965] [INFO] protractorLog4js - Landing on Login page....
[2017-11-23T15:17:47.866] [INFO] protractorLog4js - Page Heading Verified as:Welcome to Unity!
[2017-11-23T15:21:46.864] [INFO] protractorLog4js - Starting Test With Logs
[2017-11-23T15:21:46.864] [INFO] protractorLog4js - Url is loading....
[2017-11-23T15:22:20.074] [INFO] protractorLog4js - Page Title Verified as:Influencer Advertising Simplified
[2017-11-23T15:22:20.114] [INFO] protractorLog4js - Going to Click Get Started button
[2017-11-23T15:22:20.375] [INFO] protractorLog4js - Clicked Get Started Button
[2017-11-23T15:22:20.387] [INFO] protractorLog4js - Landing on Login page....
[2017-11-23T15:22:20.425] [INFO] protractorLog4js - Page Heading Verified as:Welcome to Unity!
[2017-11-23T15:27:04.727] [INFO] protractorLog4js - Starting Test With Logs
[2017-11-23T15:27:04.727] [INFO] protractorLog4js - Url is loading....
[2017-11-23T15:27:37.928] [INFO] protractorLog4js - Page Title Verified as:Influencer Advertising Simplified
[2017-11-23T15:27:37.984] [INFO] protractorLog4js - Going to Click Get Started button
[2017-11-23T15:27:38.326] [INFO] protractorLog4js - Clicked Get Started Button
[2017-11-23T15:27:38.337] [INFO] protractorLog4js - Landing on Login page....
[2017-11-23T15:27:38.373] [INFO] protractorLog4js - Page Heading Verified as:Welcome to Unity!
[2017-11-23T15:30:11.862] [INFO] protractorLog4js - Starting Test With Logs
[2017-11-23T15:30:11.866] [INFO] protractorLog4js - Url is loading....
[2017-11-23T15:30:45.012] [INFO] protractorLog4js - Page Title Verified as:Influencer Advertising Simplified
[2017-11-23T15:30:45.096] [INFO] protractorLog4js - Going to Click Get Started button
[2017-11-23T15:30:45.413] [INFO] protractorLog4js - Clicked Get Started Button
[2017-11-23T15:30:45.421] [INFO] protractorLog4js - Landing on Login page....
[2017-11-23T15:30:45.453] [INFO] protractorLog4js - Page Heading Verified as:Welcome to Unity!
[2017-11-23T15:41:03.021] [INFO] protractorLog4js - Starting Test With Logs
[2017-11-23T15:41:03.024] [INFO] protractorLog4js - Url is loading....
[2017-11-23T15:41:36.764] [INFO] protractorLog4js - Page Title Verified as:Influencer Advertising Simplified
[2017-11-23T15:41:36.803] [INFO] protractorLog4js - Going to Click Get Started button
[2017-11-23T15:41:36.999] [INFO] protractorLog4js - Clicked Get Started Button
[2017-11-23T15:41:37.007] [INFO] protractorLog4js - Landing on Login page....
[2017-11-23T15:41:37.035] [INFO] protractorLog4js - Page Heading Verified as:Welcome to Unity!
[2017-11-23T15:50:14.134] [INFO] protractorLog4js - Starting Test With Logs
[2017-11-23T15:50:14.138] [INFO] protractorLog4js - Url is loading....
[2017-11-23T15:50:47.530] [INFO] protractorLog4js - Page Title Verified as:Influencer Advertising Simplified
[2017-11-23T15:50:47.570] [INFO] protractorLog4js - Going to Click Get Started button
[2017-11-23T15:50:47.866] [INFO] protractorLog4js - Clicked Get Started Button
[2017-11-23T15:50:47.878] [INFO] protractorLog4js - Landing on Login page....
[2017-11-23T15:50:47.914] [INFO] protractorLog4js - Page Heading Verified as:Welcome to Unity!
