[1108/192130.159:ERROR:file_io_win.cc(179)] CreateFile C:\Users\ANKITA~1\AppData\Local\Temp\scoped_dir17100_30877\Crashpad\settings.dat: The process cannot access the file because it is being used by another process. (0x20)
[1123/132646.369:ERROR:file_io_win.cc(179)] CreateFile C:\Users\ANKITA~1\AppData\Local\Temp\scoped_dir7124_25945\Crashpad\settings.dat: The process cannot access the file because it is being used by another process. (0x20)
[1219/173025.574:ERROR:process_info.cc(632)] range at 0x7632332600000000, size 0x289 fully unreadable
[1219/173025.582:ERROR:process_info.cc(632)] range at 0x7632334600000000, size 0x289 fully unreadable
[1219/173025.582:ERROR:process_info.cc(632)] range at 0x0, size 0x289 fully unreadable
[1219/173051.651:ERROR:process_info.cc(632)] range at 0x928d332600000000, size 0x1b4 fully unreadable
[1219/173051.652:ERROR:process_info.cc(632)] range at 0x928d334600000000, size 0x1b4 fully unreadable
[1219/173051.652:ERROR:process_info.cc(632)] range at 0x0, size 0x1b4 fully unreadable
[1220/104019.836:ERROR:process_info.cc(632)] range at 0xe5ce332400000000, size 0x173 fully unreadable
[1220/104019.845:ERROR:process_info.cc(632)] range at 0xe5ce334400000000, size 0x173 fully unreadable
[1220/104019.845:ERROR:process_info.cc(632)] range at 0x0, size 0x173 fully unreadable
[1220/104045.499:ERROR:process_info.cc(632)] range at 0x5c39332400000000, size 0x1b0 fully unreadable
[1220/104045.499:ERROR:process_info.cc(632)] range at 0x5c39334400000000, size 0x1b0 fully unreadable
[1220/104045.499:ERROR:process_info.cc(632)] range at 0x0, size 0x1b0 fully unreadable
[1220/104211.421:ERROR:process_info.cc(632)] range at 0xfdb332400000000, size 0x1e5 fully unreadable
[1220/104211.421:ERROR:process_info.cc(632)] range at 0xfdb334400000000, size 0x1e5 fully unreadable
[1220/104211.421:ERROR:process_info.cc(632)] range at 0x0, size 0x1e5 fully unreadable
[0315/123917.148:ERROR:process_reader_win.cc(123)] NtOpenThread: {Access Denied} A process has requested access to an object, but has not been granted those access rights. (0xc0000022)
[0315/123917.291:ERROR:exception_snapshot_win.cc(88)] thread ID 2608 not found in process
[0315/123917.291:WARNING:crash_report_exception_handler.cc(62)] ProcessSnapshotWin::Initialize failed
[0315/215755.665:ERROR:process_reader_win.cc(123)] NtOpenThread: {Access Denied} A process has requested access to an object, but has not been granted those access rights. (0xc0000022)
[0315/215755.677:ERROR:exception_snapshot_win.cc(88)] thread ID 5304 not found in process
[0315/215755.677:WARNING:crash_report_exception_handler.cc(62)] ProcessSnapshotWin::Initialize failed
[0316/000619.387:ERROR:process_reader_win.cc(123)] NtOpenThread: {Access Denied} A process has requested access to an object, but has not been granted those access rights. (0xc0000022)
[0316/000619.400:ERROR:exception_snapshot_win.cc(88)] thread ID 6492 not found in process
[0316/000619.400:WARNING:crash_report_exception_handler.cc(62)] ProcessSnapshotWin::Initialize failed
[0405/153245.011:ERROR:process_reader_win.cc(123)] NtOpenThread: {Access Denied} A process has requested access to an object, but has not been granted those access rights. (0xc0000022)
[0405/153245.040:ERROR:exception_snapshot_win.cc(88)] thread ID 12212 not found in process
[0405/153245.040:WARNING:crash_report_exception_handler.cc(62)] ProcessSnapshotWin::Initialize failed
[0419/162216.596:ERROR:exception_handler_server.cc(526)] ConnectNamedPipe: The pipe is being closed. (0xE8)
[0524/121713.753:ERROR:process_reader_win.cc(123)] NtOpenThread: {Access Denied} A process has requested access to an object, but has not been granted those access rights. (0xc0000022)
[0524/121713.776:ERROR:exception_snapshot_win.cc(88)] thread ID 8048 not found in process
[0524/121713.776:WARNING:crash_report_exception_handler.cc(62)] ProcessSnapshotWin::Initialize failed
